<?xml version="1.0" encoding="UTF-8"?>
<testsuite xmlns:xsi="http://www.w3.org/2001/XMLSchema-instance" xsi:noNamespaceSchemaLocation="https://maven.apache.org/surefire/maven-surefire-plugin/xsd/surefire-test-report.xsd" name="runner.TestRunner" time="2.364" tests="1" errors="1" skipped="0" failures="0">
  <properties>
    <property name="sun.desktop" value="windows"/>
    <property name="awt.toolkit" value="sun.awt.windows.WToolkit"/>
    <property name="file.encoding.pkg" value="sun.io"/>
    <property name="java.specification.version" value="1.8"/>
    <property name="sun.cpu.isalist" value="amd64"/>
    <property name="sun.jnu.encoding" value="Cp1252"/>
    <property name="java.class.path" value="C:\QAFox\CucumberBDD\TutorialNinjaProject\target\test-classes;C:\QAFox\CucumberBDD\TutorialNinjaProject\target\classes;C:\Users\tsrin\.m2\repository\junit\junit\4.11\junit-4.11.jar;C:\Users\tsrin\.m2\repository\org\hamcrest\hamcrest-core\1.3\hamcrest-core-1.3.jar;C:\Users\tsrin\.m2\repository\io\cucumber\cucumber-java\7.10.1\cucumber-java-7.10.1.jar;C:\Users\tsrin\.m2\repository\org\apiguardian\apiguardian-api\1.1.2\apiguardian-api-1.1.2.jar;C:\Users\tsrin\.m2\repository\io\cucumber\cucumber-junit\7.10.1\cucumber-junit-7.10.1.jar;C:\Users\tsrin\.m2\repository\io\cucumber\cucumber-core\7.10.1\cucumber-core-7.10.1.jar;C:\Users\tsrin\.m2\repository\io\cucumber\cucumber-gherkin\7.10.1\cucumber-gherkin-7.10.1.jar;C:\Users\tsrin\.m2\repository\io\cucumber\cucumber-gherkin-messages\7.10.1\cucumber-gherkin-messages-7.10.1.jar;C:\Users\tsrin\.m2\repository\io\cucumber\gherkin\25.0.2\gherkin-25.0.2.jar;C:\Users\tsrin\.m2\repository\io\cucumber\messages\19.1.4\messages-19.1.4.jar;C:\Users\tsrin\.m2\repository\io\cucumber\tag-expressions\4.1.0\tag-expressions-4.1.0.jar;C:\Users\tsrin\.m2\repository\io\cucumber\cucumber-expressions\16.1.1\cucumber-expressions-16.1.1.jar;C:\Users\tsrin\.m2\repository\io\cucumber\datatable\7.10.1\datatable-7.10.1.jar;C:\Users\tsrin\.m2\repository\io\cucumber\cucumber-plugin\7.10.1\cucumber-plugin-7.10.1.jar;C:\Users\tsrin\.m2\repository\io\cucumber\docstring\7.10.1\docstring-7.10.1.jar;C:\Users\tsrin\.m2\repository\io\cucumber\html-formatter\20.2.0\html-formatter-20.2.0.jar;C:\Users\tsrin\.m2\repository\io\cucumber\ci-environment\9.1.0\ci-environment-9.1.0.jar;C:\Users\tsrin\.m2\repository\org\seleniumhq\selenium\selenium-java\4.16.1\selenium-java-4.16.1.jar;C:\Users\tsrin\.m2\repository\org\seleniumhq\selenium\selenium-api\4.16.1\selenium-api-4.16.1.jar;C:\Users\tsrin\.m2\repository\org\seleniumhq\selenium\selenium-chrome-driver\4.16.1\selenium-chrome-driver-4.16.1.jar;C:\Users\tsrin\.m2\repository\com\google\auto\service\auto-service-annotations\1.1.1\auto-service-annotations-1.1.1.jar;C:\Users\tsrin\.m2\repository\org\seleniumhq\selenium\selenium-chromium-driver\4.16.1\selenium-chromium-driver-4.16.1.jar;C:\Users\tsrin\.m2\repository\org\seleniumhq\selenium\selenium-json\4.16.1\selenium-json-4.16.1.jar;C:\Users\tsrin\.m2\repository\org\seleniumhq\selenium\selenium-manager\4.16.1\selenium-manager-4.16.1.jar;C:\Users\tsrin\.m2\repository\org\seleniumhq\selenium\selenium-devtools-v118\4.16.1\selenium-devtools-v118-4.16.1.jar;C:\Users\tsrin\.m2\repository\org\seleniumhq\selenium\selenium-devtools-v119\4.16.1\selenium-devtools-v119-4.16.1.jar;C:\Users\tsrin\.m2\repository\org\seleniumhq\selenium\selenium-devtools-v120\4.16.1\selenium-devtools-v120-4.16.1.jar;C:\Users\tsrin\.m2\repository\org\seleniumhq\selenium\selenium-devtools-v85\4.16.1\selenium-devtools-v85-4.16.1.jar;C:\Users\tsrin\.m2\repository\org\seleniumhq\selenium\selenium-edge-driver\4.16.1\selenium-edge-driver-4.16.1.jar;C:\Users\tsrin\.m2\repository\org\seleniumhq\selenium\selenium-firefox-driver\4.16.1\selenium-firefox-driver-4.16.1.jar;C:\Users\tsrin\.m2\repository\org\seleniumhq\selenium\selenium-http\4.16.1\selenium-http-4.16.1.jar;C:\Users\tsrin\.m2\repository\dev\failsafe\failsafe\3.3.2\failsafe-3.3.2.jar;C:\Users\tsrin\.m2\repository\org\seleniumhq\selenium\selenium-ie-driver\4.16.1\selenium-ie-driver-4.16.1.jar;C:\Users\tsrin\.m2\repository\org\seleniumhq\selenium\selenium-remote-driver\4.16.1\selenium-remote-driver-4.16.1.jar;C:\Users\tsrin\.m2\repository\com\google\guava\guava\32.1.2-jre\guava-32.1.2-jre.jar;C:\Users\tsrin\.m2\repository\com\google\guava\failureaccess\1.0.1\failureaccess-1.0.1.jar;C:\Users\tsrin\.m2\repository\com\google\guava\listenablefuture\9999.0-empty-to-avoid-conflict-with-guava\listenablefuture-9999.0-empty-to-avoid-conflict-with-guava.jar;C:\Users\tsrin\.m2\repository\com\google\code\findbugs\jsr305\3.0.2\jsr305-3.0.2.jar;C:\Users\tsrin\.m2\repository\org\checkerframework\checker-qual\3.33.0\checker-qual-3.33.0.jar;C:\Users\tsrin\.m2\repository\com\google\errorprone\error_prone_annotations\2.18.0\error_prone_annotations-2.18.0.jar;C:\Users\tsrin\.m2\repository\com\google\j2objc\j2objc-annotations\2.8\j2objc-annotations-2.8.jar;C:\Users\tsrin\.m2\repository\io\opentelemetry\opentelemetry-api\1.28.0\opentelemetry-api-1.28.0.jar;C:\Users\tsrin\.m2\repository\io\opentelemetry\opentelemetry-context\1.28.0\opentelemetry-context-1.28.0.jar;C:\Users\tsrin\.m2\repository\io\opentelemetry\opentelemetry-exporter-logging\1.28.0\opentelemetry-exporter-logging-1.28.0.jar;C:\Users\tsrin\.m2\repository\io\opentelemetry\opentelemetry-sdk-metrics\1.28.0\opentelemetry-sdk-metrics-1.28.0.jar;C:\Users\tsrin\.m2\repository\io\opentelemetry\opentelemetry-extension-incubator\1.28.0-alpha\opentelemetry-extension-incubator-1.28.0-alpha.jar;C:\Users\tsrin\.m2\repository\io\opentelemetry\opentelemetry-sdk-logs\1.28.0\opentelemetry-sdk-logs-1.28.0.jar;C:\Users\tsrin\.m2\repository\io\opentelemetry\opentelemetry-sdk-common\1.28.0\opentelemetry-sdk-common-1.28.0.jar;C:\Users\tsrin\.m2\repository\io\opentelemetry\opentelemetry-sdk-extension-autoconfigure-spi\1.28.0\opentelemetry-sdk-extension-autoconfigure-spi-1.28.0.jar;C:\Users\tsrin\.m2\repository\io\opentelemetry\opentelemetry-sdk-extension-autoconfigure\1.28.0\opentelemetry-sdk-extension-autoconfigure-1.28.0.jar;C:\Users\tsrin\.m2\repository\io\opentelemetry\opentelemetry-api-events\1.28.0-alpha\opentelemetry-api-events-1.28.0-alpha.jar;C:\Users\tsrin\.m2\repository\io\opentelemetry\opentelemetry-sdk-trace\1.28.0\opentelemetry-sdk-trace-1.28.0.jar;C:\Users\tsrin\.m2\repository\io\opentelemetry\opentelemetry-sdk\1.28.0\opentelemetry-sdk-1.28.0.jar;C:\Users\tsrin\.m2\repository\io\opentelemetry\opentelemetry-semconv\1.28.0-alpha\opentelemetry-semconv-1.28.0-alpha.jar;C:\Users\tsrin\.m2\repository\net\bytebuddy\byte-buddy\1.14.5\byte-buddy-1.14.5.jar;C:\Users\tsrin\.m2\repository\org\seleniumhq\selenium\selenium-os\4.16.1\selenium-os-4.16.1.jar;C:\Users\tsrin\.m2\repository\org\apache\commons\commons-exec\1.3\commons-exec-1.3.jar;C:\Users\tsrin\.m2\repository\org\seleniumhq\selenium\selenium-safari-driver\4.16.1\selenium-safari-driver-4.16.1.jar;C:\Users\tsrin\.m2\repository\org\seleniumhq\selenium\selenium-support\4.16.1\selenium-support-4.16.1.jar;"/>
    <property name="java.vm.vendor" value="Oracle Corporation"/>
    <property name="sun.arch.data.model" value="64"/>
    <property name="user.variant" value=""/>
    <property name="java.vendor.url" value="http://java.oracle.com/"/>
    <property name="user.timezone" value="Asia/Calcutta"/>
    <property name="java.vm.specification.version" value="1.8"/>
    <property name="os.name" value="Windows 10"/>
    <property name="user.country" value="IN"/>
    <property name="sun.java.launcher" value="SUN_STANDARD"/>
    <property name="sun.boot.library.path" value="C:\Program Files\Java\jdk1.8.0_121\jre\bin"/>
    <property name="sun.java.command" value="C:\Users\tsrin\AppData\Local\Temp\surefire8376207892750283860\surefirebooter4536768188377260053.jar C:\Users\tsrin\AppData\Local\Temp\surefire8376207892750283860 2023-12-18T13-37-44_351-jvmRun1 surefire8122439220561474450tmp surefire_02573180720722293093tmp"/>
    <property name="surefire.test.class.path" value="C:\QAFox\CucumberBDD\TutorialNinjaProject\target\test-classes;C:\QAFox\CucumberBDD\TutorialNinjaProject\target\classes;C:\Users\tsrin\.m2\repository\junit\junit\4.11\junit-4.11.jar;C:\Users\tsrin\.m2\repository\org\hamcrest\hamcrest-core\1.3\hamcrest-core-1.3.jar;C:\Users\tsrin\.m2\repository\io\cucumber\cucumber-java\7.10.1\cucumber-java-7.10.1.jar;C:\Users\tsrin\.m2\repository\org\apiguardian\apiguardian-api\1.1.2\apiguardian-api-1.1.2.jar;C:\Users\tsrin\.m2\repository\io\cucumber\cucumber-junit\7.10.1\cucumber-junit-7.10.1.jar;C:\Users\tsrin\.m2\repository\io\cucumber\cucumber-core\7.10.1\cucumber-core-7.10.1.jar;C:\Users\tsrin\.m2\repository\io\cucumber\cucumber-gherkin\7.10.1\cucumber-gherkin-7.10.1.jar;C:\Users\tsrin\.m2\repository\io\cucumber\cucumber-gherkin-messages\7.10.1\cucumber-gherkin-messages-7.10.1.jar;C:\Users\tsrin\.m2\repository\io\cucumber\gherkin\25.0.2\gherkin-25.0.2.jar;C:\Users\tsrin\.m2\repository\io\cucumber\messages\19.1.4\messages-19.1.4.jar;C:\Users\tsrin\.m2\repository\io\cucumber\tag-expressions\4.1.0\tag-expressions-4.1.0.jar;C:\Users\tsrin\.m2\repository\io\cucumber\cucumber-expressions\16.1.1\cucumber-expressions-16.1.1.jar;C:\Users\tsrin\.m2\repository\io\cucumber\datatable\7.10.1\datatable-7.10.1.jar;C:\Users\tsrin\.m2\repository\io\cucumber\cucumber-plugin\7.10.1\cucumber-plugin-7.10.1.jar;C:\Users\tsrin\.m2\repository\io\cucumber\docstring\7.10.1\docstring-7.10.1.jar;C:\Users\tsrin\.m2\repository\io\cucumber\html-formatter\20.2.0\html-formatter-20.2.0.jar;C:\Users\tsrin\.m2\repository\io\cucumber\ci-environment\9.1.0\ci-environment-9.1.0.jar;C:\Users\tsrin\.m2\repository\org\seleniumhq\selenium\selenium-java\4.16.1\selenium-java-4.16.1.jar;C:\Users\tsrin\.m2\repository\org\seleniumhq\selenium\selenium-api\4.16.1\selenium-api-4.16.1.jar;C:\Users\tsrin\.m2\repository\org\seleniumhq\selenium\selenium-chrome-driver\4.16.1\selenium-chrome-driver-4.16.1.jar;C:\Users\tsrin\.m2\repository\com\google\auto\service\auto-service-annotations\1.1.1\auto-service-annotations-1.1.1.jar;C:\Users\tsrin\.m2\repository\org\seleniumhq\selenium\selenium-chromium-driver\4.16.1\selenium-chromium-driver-4.16.1.jar;C:\Users\tsrin\.m2\repository\org\seleniumhq\selenium\selenium-json\4.16.1\selenium-json-4.16.1.jar;C:\Users\tsrin\.m2\repository\org\seleniumhq\selenium\selenium-manager\4.16.1\selenium-manager-4.16.1.jar;C:\Users\tsrin\.m2\repository\org\seleniumhq\selenium\selenium-devtools-v118\4.16.1\selenium-devtools-v118-4.16.1.jar;C:\Users\tsrin\.m2\repository\org\seleniumhq\selenium\selenium-devtools-v119\4.16.1\selenium-devtools-v119-4.16.1.jar;C:\Users\tsrin\.m2\repository\org\seleniumhq\selenium\selenium-devtools-v120\4.16.1\selenium-devtools-v120-4.16.1.jar;C:\Users\tsrin\.m2\repository\org\seleniumhq\selenium\selenium-devtools-v85\4.16.1\selenium-devtools-v85-4.16.1.jar;C:\Users\tsrin\.m2\repository\org\seleniumhq\selenium\selenium-edge-driver\4.16.1\selenium-edge-driver-4.16.1.jar;C:\Users\tsrin\.m2\repository\org\seleniumhq\selenium\selenium-firefox-driver\4.16.1\selenium-firefox-driver-4.16.1.jar;C:\Users\tsrin\.m2\repository\org\seleniumhq\selenium\selenium-http\4.16.1\selenium-http-4.16.1.jar;C:\Users\tsrin\.m2\repository\dev\failsafe\failsafe\3.3.2\failsafe-3.3.2.jar;C:\Users\tsrin\.m2\repository\org\seleniumhq\selenium\selenium-ie-driver\4.16.1\selenium-ie-driver-4.16.1.jar;C:\Users\tsrin\.m2\repository\org\seleniumhq\selenium\selenium-remote-driver\4.16.1\selenium-remote-driver-4.16.1.jar;C:\Users\tsrin\.m2\repository\com\google\guava\guava\32.1.2-jre\guava-32.1.2-jre.jar;C:\Users\tsrin\.m2\repository\com\google\guava\failureaccess\1.0.1\failureaccess-1.0.1.jar;C:\Users\tsrin\.m2\repository\com\google\guava\listenablefuture\9999.0-empty-to-avoid-conflict-with-guava\listenablefuture-9999.0-empty-to-avoid-conflict-with-guava.jar;C:\Users\tsrin\.m2\repository\com\google\code\findbugs\jsr305\3.0.2\jsr305-3.0.2.jar;C:\Users\tsrin\.m2\repository\org\checkerframework\checker-qual\3.33.0\checker-qual-3.33.0.jar;C:\Users\tsrin\.m2\repository\com\google\errorprone\error_prone_annotations\2.18.0\error_prone_annotations-2.18.0.jar;C:\Users\tsrin\.m2\repository\com\google\j2objc\j2objc-annotations\2.8\j2objc-annotations-2.8.jar;C:\Users\tsrin\.m2\repository\io\opentelemetry\opentelemetry-api\1.28.0\opentelemetry-api-1.28.0.jar;C:\Users\tsrin\.m2\repository\io\opentelemetry\opentelemetry-context\1.28.0\opentelemetry-context-1.28.0.jar;C:\Users\tsrin\.m2\repository\io\opentelemetry\opentelemetry-exporter-logging\1.28.0\opentelemetry-exporter-logging-1.28.0.jar;C:\Users\tsrin\.m2\repository\io\opentelemetry\opentelemetry-sdk-metrics\1.28.0\opentelemetry-sdk-metrics-1.28.0.jar;C:\Users\tsrin\.m2\repository\io\opentelemetry\opentelemetry-extension-incubator\1.28.0-alpha\opentelemetry-extension-incubator-1.28.0-alpha.jar;C:\Users\tsrin\.m2\repository\io\opentelemetry\opentelemetry-sdk-logs\1.28.0\opentelemetry-sdk-logs-1.28.0.jar;C:\Users\tsrin\.m2\repository\io\opentelemetry\opentelemetry-sdk-common\1.28.0\opentelemetry-sdk-common-1.28.0.jar;C:\Users\tsrin\.m2\repository\io\opentelemetry\opentelemetry-sdk-extension-autoconfigure-spi\1.28.0\opentelemetry-sdk-extension-autoconfigure-spi-1.28.0.jar;C:\Users\tsrin\.m2\repository\io\opentelemetry\opentelemetry-sdk-extension-autoconfigure\1.28.0\opentelemetry-sdk-extension-autoconfigure-1.28.0.jar;C:\Users\tsrin\.m2\repository\io\opentelemetry\opentelemetry-api-events\1.28.0-alpha\opentelemetry-api-events-1.28.0-alpha.jar;C:\Users\tsrin\.m2\repository\io\opentelemetry\opentelemetry-sdk-trace\1.28.0\opentelemetry-sdk-trace-1.28.0.jar;C:\Users\tsrin\.m2\repository\io\opentelemetry\opentelemetry-sdk\1.28.0\opentelemetry-sdk-1.28.0.jar;C:\Users\tsrin\.m2\repository\io\opentelemetry\opentelemetry-semconv\1.28.0-alpha\opentelemetry-semconv-1.28.0-alpha.jar;C:\Users\tsrin\.m2\repository\net\bytebuddy\byte-buddy\1.14.5\byte-buddy-1.14.5.jar;C:\Users\tsrin\.m2\repository\org\seleniumhq\selenium\selenium-os\4.16.1\selenium-os-4.16.1.jar;C:\Users\tsrin\.m2\repository\org\apache\commons\commons-exec\1.3\commons-exec-1.3.jar;C:\Users\tsrin\.m2\repository\org\seleniumhq\selenium\selenium-safari-driver\4.16.1\selenium-safari-driver-4.16.1.jar;C:\Users\tsrin\.m2\repository\org\seleniumhq\selenium\selenium-support\4.16.1\selenium-support-4.16.1.jar;"/>
    <property name="sun.cpu.endian" value="little"/>
    <property name="user.home" value="C:\Users\tsrin"/>
    <property name="user.language" value="en"/>
    <property name="java.specification.vendor" value="Oracle Corporation"/>
    <property name="java.home" value="C:\Program Files\Java\jdk1.8.0_121\jre"/>
    <property name="basedir" value="C:\QAFox\CucumberBDD\TutorialNinjaProject"/>
    <property name="file.separator" value="\"/>
    <property name="line.separator" value="&#10;"/>
    <property name="java.vm.specification.vendor" value="Oracle Corporation"/>
    <property name="java.specification.name" value="Java Platform API Specification"/>
    <property name="java.awt.graphicsenv" value="sun.awt.Win32GraphicsEnvironment"/>
    <property name="surefire.real.class.path" value="C:\Users\tsrin\AppData\Local\Temp\surefire8376207892750283860\surefirebooter4536768188377260053.jar"/>
    <property name="sun.boot.class.path" value="C:\Program Files\Java\jdk1.8.0_121\jre\lib\resources.jar;C:\Program Files\Java\jdk1.8.0_121\jre\lib\rt.jar;C:\Program Files\Java\jdk1.8.0_121\jre\lib\sunrsasign.jar;C:\Program Files\Java\jdk1.8.0_121\jre\lib\jsse.jar;C:\Program Files\Java\jdk1.8.0_121\jre\lib\jce.jar;C:\Program Files\Java\jdk1.8.0_121\jre\lib\charsets.jar;C:\Program Files\Java\jdk1.8.0_121\jre\lib\jfr.jar;C:\Program Files\Java\jdk1.8.0_121\jre\classes"/>
    <property name="user.script" value=""/>
    <property name="sun.management.compiler" value="HotSpot 64-Bit Tiered Compilers"/>
    <property name="java.runtime.version" value="1.8.0_121-b13"/>
    <property name="user.name" value="tsrin"/>
    <property name="path.separator" value=";"/>
    <property name="os.version" value="10.0"/>
    <property name="java.endorsed.dirs" value="C:\Program Files\Java\jdk1.8.0_121\jre\lib\endorsed"/>
    <property name="java.runtime.name" value="Java(TM) SE Runtime Environment"/>
    <property name="file.encoding" value="Cp1252"/>
    <property name="java.vm.name" value="Java HotSpot(TM) 64-Bit Server VM"/>
    <property name="localRepository" value="C:\Users\tsrin\.m2\repository"/>
    <property name="java.vendor.url.bug" value="http://bugreport.sun.com/bugreport/"/>
    <property name="java.io.tmpdir" value="C:\Users\tsrin\AppData\Local\Temp\"/>
    <property name="java.version" value="1.8.0_121"/>
    <property name="user.dir" value="C:\QAFox\CucumberBDD\TutorialNinjaProject"/>
    <property name="os.arch" value="amd64"/>
    <property name="java.vm.specification.name" value="Java Virtual Machine Specification"/>
    <property name="java.awt.printerjob" value="sun.awt.windows.WPrinterJob"/>
    <property name="sun.os.patch.level" value=""/>
    <property name="java.library.path" value="C:\Program Files\Java\jdk1.8.0_121\jre\bin;C:\WINDOWS\Sun\Java\bin;C:\WINDOWS\system32;C:\WINDOWS;C:\Program Files\Python310\Scripts\;C:\Program Files\Python310\;C:\Program Files (x86)\Common Files\Oracle\Java\javapath;C:\ProgramData\Oracle\Java\javapath;C:\WINDOWS\system32;C:\WINDOWS;C:\WINDOWS\System32\Wbem;C:\WINDOWS\System32\WindowsPowerShell\v1.0\;C:\WINDOWS\System32\OpenSSH\;C:\Program Files\Java\jdk1.8.0_121\bin;C:\Program Files\Java\jre1.8.0_121\bin;C:\gradle-6.8.3\bin;C:\Program Files\apache-maven-3.3.9\bin;C:\xampp\mysql\bin;C:\jq;C:\Program Files\Java\jdk1.8.0_121\bin;C:\Program Files\Android\Android Studio\bin;C:\Users\tsrin\AppData\Local\Android\Sdk\platform-tools;C:\Users\tsrin\AppData\Local\Android\Sdk\tools;C:\Users\tsrin\AppData\Local\Android\Sdk\build-tools;C:\Program Files\nodejs\;C:\Users\tsrin\AppData\Roaming\npm\node_modules\allure-commandline\bin;C:\apache-maven-3.8.6\bin;C:\Program Files\MySQL\MySQL Shell 8.0\bin\;C:\Users\tsrin\AppData\Local\Microsoft\WindowsApps;C:\Users\tsrin\AppData\Roaming\npm;."/>
    <property name="java.vm.info" value="mixed mode"/>
    <property name="java.vendor" value="Oracle Corporation"/>
    <property name="java.vm.version" value="25.121-b13"/>
    <property name="java.ext.dirs" value="C:\Program Files\Java\jdk1.8.0_121\jre\lib\ext;C:\WINDOWS\Sun\Java\lib\ext"/>
    <property name="sun.io.unicode.encoding" value="UnicodeLittle"/>
    <property name="java.class.version" value="52.0"/>
  </properties>
  <testcase name="runner.TestRunner" classname="runner.TestRunner" time="2.363">
    <error message="org/openqa/selenium/WebDriver has been compiled by a more recent version of the Java Runtime (class file version 55.0), this version of the Java Runtime only recognizes class file versions up to 52.0" type="java.lang.UnsupportedClassVersionError">java.lang.UnsupportedClassVersionError: org/openqa/selenium/WebDriver has been compiled by a more recent version of the Java Runtime (class file version 55.0), this version of the Java Runtime only recognizes class file versions up to 52.0
</error>
    <system-out><![CDATA[      io.cucumber.core.exception.CompositeCucumberException: There were 2 exceptions. The details are in the stacktrace below.
	at io.cucumber.core.runtime.RethrowingThrowableCollector.getThrowable(RethrowingThrowableCollector.java:57)
	at io.cucumber.core.runtime.CucumberExecutionContext.getThrowable(CucumberExecutionContext.java:102)
	at io.cucumber.core.runtime.CucumberExecutionContext.finishTestRun(CucumberExecutionContext.java:97)
	at io.cucumber.junit.Cucumber$FinishTestRun.evaluate(Cucumber.java:250)
	at org.junit.runners.ParentRunner.run(ParentRunner.java:309)
	at org.apache.maven.surefire.junit4.JUnit4Provider.execute(JUnit4Provider.java:365)
	at org.apache.maven.surefire.junit4.JUnit4Provider.executeWithRerun(JUnit4Provider.java:273)
	at org.apache.maven.surefire.junit4.JUnit4Provider.executeTestSet(JUnit4Provider.java:238)
	at org.apache.maven.surefire.junit4.JUnit4Provider.invoke(JUnit4Provider.java:159)
	at org.apache.maven.surefire.booter.ForkedBooter.invokeProviderInSameClassLoader(ForkedBooter.java:384)
	at org.apache.maven.surefire.booter.ForkedBooter.runSuitesInProcess(ForkedBooter.java:345)
	at org.apache.maven.surefire.booter.ForkedBooter.execute(ForkedBooter.java:126)
	at org.apache.maven.surefire.booter.ForkedBooter.main(ForkedBooter.java:418)
	Suppressed: java.lang.UnsupportedClassVersionError: org/openqa/selenium/WebDriver has been compiled by a more recent version of the Java Runtime (class file version 55.0), this version of the Java Runtime only recognizes class file versions up to 52.0
		at java.lang.ClassLoader.defineClass1(Native Method)
		at java.lang.ClassLoader.defineClass(ClassLoader.java:763)
		at java.security.SecureClassLoader.defineClass(SecureClassLoader.java:142)
		at java.net.URLClassLoader.defineClass(URLClassLoader.java:467)
		at java.net.URLClassLoader.access$100(URLClassLoader.java:73)
		at java.net.URLClassLoader$1.run(URLClassLoader.java:368)
		at java.net.URLClassLoader$1.run(URLClassLoader.java:362)
		at java.security.AccessController.doPrivileged(Native Method)
		at java.net.URLClassLoader.findClass(URLClassLoader.java:361)
		at java.lang.ClassLoader.loadClass(ClassLoader.java:424)
		at sun.misc.Launcher$AppClassLoader.loadClass(Launcher.java:331)
		at java.lang.ClassLoader.loadClass(ClassLoader.java:357)
		at java.lang.Class.getDeclaredMethods0(Native Method)
		at java.lang.Class.privateGetDeclaredMethods(Class.java:2701)
		at java.lang.Class.privateGetPublicMethods(Class.java:2902)
		at java.lang.Class.getMethods(Class.java:1615)
		at io.cucumber.java.MethodScanner.safelyGetMethods(MethodScanner.java:39)
		at io.cucumber.java.MethodScanner.scan(MethodScanner.java:32)
		at io.cucumber.java.JavaBackend.lambda$loadGlue$2(JavaBackend.java:41)
		at java.util.stream.ForEachOps$ForEachOp$OfRef.accept(ForEachOps.java:184)
		at java.util.stream.DistinctOps$1$2.accept(DistinctOps.java:175)
		at java.util.ArrayList$ArrayListSpliterator.forEachRemaining(ArrayList.java:1374)
		at java.util.stream.ReferencePipeline$Head.forEach(ReferencePipeline.java:580)
		at java.util.stream.ReferencePipeline$7$1.accept(ReferencePipeline.java:270)
		at java.util.stream.ReferencePipeline$3$1.accept(ReferencePipeline.java:193)
		at java.util.stream.ReferencePipeline$3$1.accept(ReferencePipeline.java:193)
		at java.util.stream.ReferencePipeline$2$1.accept(ReferencePipeline.java:175)
		at java.util.ArrayList$ArrayListSpliterator.forEachRemaining(ArrayList.java:1374)
		at java.util.stream.AbstractPipeline.copyInto(AbstractPipeline.java:481)
		at java.util.stream.AbstractPipeline.wrapAndCopyInto(AbstractPipeline.java:471)
		at java.util.stream.ForEachOps$ForEachOp.evaluateSequential(ForEachOps.java:151)
		at java.util.stream.ForEachOps$ForEachOp$OfRef.evaluateSequential(ForEachOps.java:174)
		at java.util.stream.AbstractPipeline.evaluate(AbstractPipeline.java:234)
		at java.util.stream.ReferencePipeline.forEach(ReferencePipeline.java:418)
		at io.cucumber.java.JavaBackend.loadGlue(JavaBackend.java:41)
		at io.cucumber.core.runner.Runner.<init>(Runner.java:56)
		at io.cucumber.core.runtime.ThreadLocalRunnerSupplier.createRunner(ThreadLocalRunnerSupplier.java:47)
		at java.lang.ThreadLocal$SuppliedThreadLocal.initialValue(ThreadLocal.java:284)
		at java.lang.ThreadLocal.setInitialValue(ThreadLocal.java:180)
		at java.lang.ThreadLocal.get(ThreadLocal.java:170)
		at io.cucumber.core.runtime.ThreadLocalRunnerSupplier.get(ThreadLocalRunnerSupplier.java:40)
		at io.cucumber.core.runtime.RethrowingThrowableCollector.executeAndThrow(RethrowingThrowableCollector.java:35)
		at io.cucumber.core.runtime.CucumberExecutionContext.getRunner(CucumberExecutionContext.java:133)
		at io.cucumber.core.runtime.CucumberExecutionContext.runBeforeAllHooks(CucumberExecutionContext.java:86)
		at io.cucumber.junit.Cucumber$RunBeforeAllHooks.evaluate(Cucumber.java:265)
		at io.cucumber.junit.Cucumber$RunAfterAllHooks.evaluate(Cucumber.java:281)
		at io.cucumber.junit.Cucumber$StartTestRun.evaluate(Cucumber.java:233)
		at io.cucumber.junit.Cucumber$FinishTestRun.evaluate(Cucumber.java:248)
		... 9 more
	Suppressed: java.lang.UnsupportedClassVersionError: org/openqa/selenium/WebDriver has been compiled by a more recent version of the Java Runtime (class file version 55.0), this version of the Java Runtime only recognizes class file versions up to 52.0
		at java.lang.ClassLoader.defineClass1(Native Method)
		at java.lang.ClassLoader.defineClass(ClassLoader.java:763)
		at java.security.SecureClassLoader.defineClass(SecureClassLoader.java:142)
		at java.net.URLClassLoader.defineClass(URLClassLoader.java:467)
		at java.net.URLClassLoader.access$100(URLClassLoader.java:73)
		at java.net.URLClassLoader$1.run(URLClassLoader.java:368)
		at java.net.URLClassLoader$1.run(URLClassLoader.java:362)
		at java.security.AccessController.doPrivileged(Native Method)
		at java.net.URLClassLoader.findClass(URLClassLoader.java:361)
		at java.lang.ClassLoader.loadClass(ClassLoader.java:424)
		at sun.misc.Launcher$AppClassLoader.loadClass(Launcher.java:331)
		at java.lang.ClassLoader.loadClass(ClassLoader.java:357)
		at java.lang.Class.getDeclaredMethods0(Native Method)
		at java.lang.Class.privateGetDeclaredMethods(Class.java:2701)
		at java.lang.Class.privateGetPublicMethods(Class.java:2902)
		at java.lang.Class.getMethods(Class.java:1615)
		at io.cucumber.java.MethodScanner.safelyGetMethods(MethodScanner.java:39)
		at io.cucumber.java.MethodScanner.scan(MethodScanner.java:32)
		at io.cucumber.java.JavaBackend.lambda$loadGlue$2(JavaBackend.java:41)
		at java.util.stream.ForEachOps$ForEachOp$OfRef.accept(ForEachOps.java:184)
		at java.util.stream.DistinctOps$1$2.accept(DistinctOps.java:175)
		at java.util.ArrayList$ArrayListSpliterator.forEachRemaining(ArrayList.java:1374)
		at java.util.stream.ReferencePipeline$Head.forEach(ReferencePipeline.java:580)
		at java.util.stream.ReferencePipeline$7$1.accept(ReferencePipeline.java:270)
		at java.util.stream.ReferencePipeline$3$1.accept(ReferencePipeline.java:193)
		at java.util.stream.ReferencePipeline$3$1.accept(ReferencePipeline.java:193)
		at java.util.stream.ReferencePipeline$2$1.accept(ReferencePipeline.java:175)
		at java.util.ArrayList$ArrayListSpliterator.forEachRemaining(ArrayList.java:1374)
		at java.util.stream.AbstractPipeline.copyInto(AbstractPipeline.java:481)
		at java.util.stream.AbstractPipeline.wrapAndCopyInto(AbstractPipeline.java:471)
		at java.util.stream.ForEachOps$ForEachOp.evaluateSequential(ForEachOps.java:151)
		at java.util.stream.ForEachOps$ForEachOp$OfRef.evaluateSequential(ForEachOps.java:174)
		at java.util.stream.AbstractPipeline.evaluate(AbstractPipeline.java:234)
		at java.util.stream.ReferencePipeline.forEach(ReferencePipeline.java:418)
		at io.cucumber.java.JavaBackend.loadGlue(JavaBackend.java:41)
		at io.cucumber.core.runner.Runner.<init>(Runner.java:56)
		at io.cucumber.core.runtime.ThreadLocalRunnerSupplier.createRunner(ThreadLocalRunnerSupplier.java:47)
		at java.lang.ThreadLocal$SuppliedThreadLocal.initialValue(ThreadLocal.java:284)
		at java.lang.ThreadLocal.setInitialValue(ThreadLocal.java:180)
		at java.lang.ThreadLocal.get(ThreadLocal.java:170)
		at io.cucumber.core.runtime.ThreadLocalRunnerSupplier.get(ThreadLocalRunnerSupplier.java:40)
		at io.cucumber.core.runtime.RethrowingThrowableCollector.executeAndThrow(RethrowingThrowableCollector.java:35)
		at io.cucumber.core.runtime.CucumberExecutionContext.getRunner(CucumberExecutionContext.java:133)
		at io.cucumber.core.runtime.CucumberExecutionContext.runAfterAllHooks(CucumberExecutionContext.java:91)
		at io.cucumber.junit.Cucumber$RunAfterAllHooks.evaluate(Cucumber.java:283)
		at io.cucumber.junit.Cucumber$StartTestRun.evaluate(Cucumber.java:233)
		at io.cucumber.junit.Cucumber$FinishTestRun.evaluate(Cucumber.java:248)
		... 9 more

]]></system-out>
    <system-err><![CDATA[????????????????????????????????????????????????????????????????????????????
? View your Cucumber Report at:                                            ?
? https://reports.cucumber.io/reports/1a701788-0a8d-4e69-9325-ff817f8b1dc9 ?
?                                                                          ?
? This report will self-destruct in 24h.                                   ?
? Keep reports forever: https://reports.cucumber.io/profile                ?
????????????????????????????????????????????????????????????????????????????]]></system-err>
  </testcase>
</testsuite>